<?xml version="1.0" encoding="UTF-8"?>
<!-- Generated by org.testng.reporters.JUnitReportReporter -->
<testsuite skipped="0" hostname="bad-PC" name="com.core.renwuclcase.RenWuClCase08" tests="6" failures="0" timestamp="09 八月 2017 09:30:56 GMT" time="153.482" errors="0">
  <testcase name="pqzShenHe" time="24.515" classname="com.core.renwuclcase.RenWuClCase08"/>
  <testcase name="zjzxChuLi" time="19.641" classname="com.core.renwuclcase.RenWuClCase08"/>
  <testcase name="zjznbShenHe" time="34.070" classname="com.core.renwuclcase.RenWuClCase08"/>
  <testcase name="zjznbRenWuJiaoBantj" time="19.339" classname="com.core.renwuclcase.RenWuClCase08"/>
  <testcase name="pqzChuLi" time="19.306" classname="com.core.renwuclcase.RenWuClCase08"/>
  <testcase name="wgzChuLi" time="36.611" classname="com.core.renwuclcase.RenWuClCase08"/>
</testsuite> <!-- com.core.renwuclcase.RenWuClCase08 -->
