<?xml version="1.0" encoding="UTF-8"?>
<!-- Generated by org.testng.reporters.JUnitReportReporter -->
<testsuite skipped="0" hostname="bad-PC" name="com.core.renwuclcase.RenWuClCase09" tests="3" failures="0" timestamp="09 八月 2017 09:30:53 GMT" time="91.401" errors="0">
  <testcase name="zjzxRenWuJiaoBantj" time="19.163" classname="com.core.renwuclcase.RenWuClCase09"/>
  <testcase name="wgzChuLi" time="38.354" classname="com.core.renwuclcase.RenWuClCase09"/>
  <testcase name="zjzxShenHe" time="33.884" classname="com.core.renwuclcase.RenWuClCase09"/>
</testsuite> <!-- com.core.renwuclcase.RenWuClCase09 -->
