<?xml version="1.0" encoding="UTF-8"?>
<!-- Generated by org.testng.reporters.JUnitReportReporter -->
<testsuite skipped="0" hostname="bad-PC" name="com.core.renwuclcase.RenWuClCase04" tests="4" failures="0" timestamp="09 八月 2017 09:30:54 GMT" time="129.570" errors="0">
  <testcase name="ywznbRenWuJiaoBantj" time="38.729" classname="com.core.renwuclcase.RenWuClCase04"/>
  <testcase name="zjzxChuLi" time="18.568" classname="com.core.renwuclcase.RenWuClCase04"/>
  <testcase name="ywzxChuLi" time="30.241" classname="com.core.renwuclcase.RenWuClCase04"/>
  <testcase name="qxznbShenHe" time="42.032" classname="com.core.renwuclcase.RenWuClCase04"/>
</testsuite> <!-- com.core.renwuclcase.RenWuClCase04 -->
