<?xml version="1.0" encoding="UTF-8"?>
<!-- Generated by org.testng.reporters.JUnitReportReporter -->
<testsuite skipped="0" hostname="bad-PC" name="com.core.sjclcase.WenTiClCase06" tests="12" failures="0" timestamp="04 八月 2017 03:32:33 GMT" time="409.600" errors="0">
  <testcase name="wgzChuLi2" time="43.432" classname="com.core.sjclcase.WenTiClCase06"/>
  <testcase name="hc" time="43.721" classname="com.core.sjclcase.WenTiClCase06"/>
  <testcase name="znbChuLi2" time="24.646" classname="com.core.sjclcase.WenTiClCase06"/>
  <testcase name="zjzxcxpf" time="32.928" classname="com.core.sjclcase.WenTiClCase06"/>
  <testcase name="pqzChuLi" time="24.427" classname="com.core.sjclcase.WenTiClCase06"/>
  <testcase name="zjzxja" time="42.451" classname="com.core.sjclcase.WenTiClCase06"/>
  <testcase name="pqzChuLi2" time="24.531" classname="com.core.sjclcase.WenTiClCase06"/>
  <testcase name="znbChuLi" time="24.486" classname="com.core.sjclcase.WenTiClCase06"/>
  <testcase name="wgzShangBao" time="53.957" classname="com.core.sjclcase.WenTiClCase06"/>
  <testcase name="wgzChuLi" time="38.284" classname="com.core.sjclcase.WenTiClCase06"/>
  <testcase name="zjzxhc" time="30.834" classname="com.core.sjclcase.WenTiClCase06"/>
  <testcase name="zjzxPaiFa" time="25.903" classname="com.core.sjclcase.WenTiClCase06"/>
</testsuite> <!-- com.core.sjclcase.WenTiClCase06 -->
