<?xml version="1.0" encoding="UTF-8"?>
<!-- Generated by org.testng.reporters.JUnitReportReporter -->
<testsuite skipped="0" hostname="bad-PC" name="com.core.renwuclcase.RenWuClCase03" tests="4" failures="0" timestamp="09 八月 2017 09:30:53 GMT" time="129.412" errors="0">
  <testcase name="ywzxChuLi_JinJi" time="30.184" classname="com.core.renwuclcase.RenWuClCase03"/>
  <testcase name="zjzxChuLi_JinJi" time="19.006" classname="com.core.renwuclcase.RenWuClCase03"/>
  <testcase name="qxldShenHe_JinJi" time="42.306" classname="com.core.renwuclcase.RenWuClCase03"/>
  <testcase name="ywldRenWuJiaoBantj_JinJi" time="37.916" classname="com.core.renwuclcase.RenWuClCase03"/>
</testsuite> <!-- com.core.renwuclcase.RenWuClCase03 -->
