<?xml version="1.0" encoding="UTF-8"?>
<!-- Generated by org.testng.reporters.JUnitReportReporter -->
<testsuite skipped="0" hostname="bad-PC" name="com.core.renwuclcase.RenWuClCase07" tests="5" failures="0" timestamp="09 八月 2017 09:30:53 GMT" time="133.682" errors="0">
  <testcase name="zjznbRenWuJiaoBantj" time="19.117" classname="com.core.renwuclcase.RenWuClCase07"/>
  <testcase name="wgzChuLi" time="36.807" classname="com.core.renwuclcase.RenWuClCase07"/>
  <testcase name="pqzShenHe" time="23.858" classname="com.core.renwuclcase.RenWuClCase07"/>
  <testcase name="zjznbShenHe" time="33.757" classname="com.core.renwuclcase.RenWuClCase07"/>
  <testcase name="zjzxChuLi" time="20.143" classname="com.core.renwuclcase.RenWuClCase07"/>
</testsuite> <!-- com.core.renwuclcase.RenWuClCase07 -->
