<?xml version="1.0" encoding="UTF-8"?>
<!-- Generated by org.testng.reporters.JUnitReportReporter -->
<testsuite skipped="0" hostname="bad-PC" name="com.core.renwuclcase.RenWuClCase06" tests="4" failures="0" timestamp="09 八月 2017 09:30:57 GMT" time="109.155" errors="0">
  <testcase name="zjznbRenWuJiaoBantj" time="18.053" classname="com.core.renwuclcase.RenWuClCase06"/>
  <testcase name="zjzxChuLi" time="20.463" classname="com.core.renwuclcase.RenWuClCase06"/>
  <testcase name="wgzChuLi" time="36.637" classname="com.core.renwuclcase.RenWuClCase06"/>
  <testcase name="zjznbShenHe" time="34.002" classname="com.core.renwuclcase.RenWuClCase06"/>
</testsuite> <!-- com.core.renwuclcase.RenWuClCase06 -->
