<?xml version="1.0" encoding="UTF-8"?>
<!-- Generated by org.testng.reporters.JUnitReportReporter -->
<testsuite skipped="0" hostname="bad-PC" name="com.core.sjclcase.WenTiClCase08" tests="4" failures="0" timestamp="04 八月 2017 03:32:32 GMT" time="184.538" errors="0">
  <testcase name="ywzxDj" time="57.417" classname="com.core.sjclcase.WenTiClCase08"/>
  <testcase name="zjzxcl" time="24.674" classname="com.core.sjclcase.WenTiClCase08"/>
  <testcase name="ywzxja" time="58.667" classname="com.core.sjclcase.WenTiClCase08"/>
  <testcase name="qxznb" time="43.780" classname="com.core.sjclcase.WenTiClCase08"/>
</testsuite> <!-- com.core.sjclcase.WenTiClCase08 -->
