<?xml version="1.0" encoding="UTF-8"?>
<!-- Generated by org.testng.reporters.JUnitReportReporter -->
<testsuite skipped="0" hostname="bad-PC" name="com.core.renwuclcase.RenWuClCase10" tests="4" failures="0" timestamp="09 八月 2017 09:30:56 GMT" time="114.998" errors="0">
  <testcase name="zjzxShenHe" time="33.979" classname="com.core.renwuclcase.RenWuClCase10"/>
  <testcase name="zjzxRenWuJiaoBantj" time="20.089" classname="com.core.renwuclcase.RenWuClCase10"/>
  <testcase name="pqzShenHe" time="24.236" classname="com.core.renwuclcase.RenWuClCase10"/>
  <testcase name="wgzChuLi" time="36.694" classname="com.core.renwuclcase.RenWuClCase10"/>
</testsuite> <!-- com.core.renwuclcase.RenWuClCase10 -->
