<?xml version="1.0" encoding="UTF-8"?>
<!-- Generated by org.testng.reporters.JUnitReportReporter -->
<testsuite skipped="0" hostname="bad-PC" name="com.core.sjclcase.WenTiClCase05" tests="6" failures="0" timestamp="04 八月 2017 03:32:32 GMT" time="221.271" errors="0">
  <testcase name="wgz1" time="53.733" classname="com.core.sjclcase.WenTiClCase05"/>
  <testcase name="pqz1" time="24.412" classname="com.core.sjclcase.WenTiClCase05"/>
  <testcase name="zjzx1" time="26.128" classname="com.core.sjclcase.WenTiClCase05"/>
  <testcase name="zjzx2" time="49.002" classname="com.core.sjclcase.WenTiClCase05"/>
  <testcase name="znb1" time="26.008" classname="com.core.sjclcase.WenTiClCase05"/>
  <testcase name="wgz2" time="41.988" classname="com.core.sjclcase.WenTiClCase05"/>
</testsuite> <!-- com.core.sjclcase.WenTiClCase05 -->
