<?xml version="1.0" encoding="UTF-8"?>
<!-- Generated by org.testng.reporters.JUnitReportReporter -->
<testsuite skipped="0" hostname="bad-PC" name="com.core.sjclcase.WenTiClCase01" tests="1" failures="0" timestamp="04 八月 2017 03:32:33 GMT" time="47.681" errors="0">
  <testcase name="wgz_zancun" time="47.681" classname="com.core.sjclcase.WenTiClCase01"/>
</testsuite> <!-- com.core.sjclcase.WenTiClCase01 -->
