<?xml version="1.0" encoding="UTF-8"?>
<!-- Generated by org.testng.reporters.JUnitReportReporter -->
<testsuite skipped="0" hostname="bad-PC" name="com.core.sjclcase.WenTiClCase09" tests="9" failures="0" timestamp="04 八月 2017 03:32:32 GMT" time="372.491" errors="0">
  <testcase name="zjzxChuLi" time="24.407" classname="com.core.sjclcase.WenTiClCase09"/>
  <testcase name="wgzChuLi" time="43.533" classname="com.core.sjclcase.WenTiClCase09"/>
  <testcase name="pqzChuLi" time="24.305" classname="com.core.sjclcase.WenTiClCase09"/>
  <testcase name="znbChuLi" time="24.427" classname="com.core.sjclcase.WenTiClCase09"/>
  <testcase name="qxznb" time="43.499" classname="com.core.sjclcase.WenTiClCase09"/>
  <testcase name="ywzxJieAn" time="64.122" classname="com.core.sjclcase.WenTiClCase09"/>
  <testcase name="ywzxDj" time="57.802" classname="com.core.sjclcase.WenTiClCase09"/>
  <testcase name="zjzxJieAn" time="46.349" classname="com.core.sjclcase.WenTiClCase09"/>
  <testcase name="zjzxPaiFa" time="44.047" classname="com.core.sjclcase.WenTiClCase09"/>
</testsuite> <!-- com.core.sjclcase.WenTiClCase09 -->
