<?xml version="1.0" encoding="UTF-8"?>
<!-- Generated by org.testng.reporters.JUnitReportReporter -->
<testsuite skipped="0" hostname="bad-PC" name="com.core.sjclcase.WenTiClCase03" tests="2" failures="0" timestamp="04 八月 2017 03:32:33 GMT" time="126.514" errors="0">
  <testcase name="wgz_zancun02" time="64.854" classname="com.core.sjclcase.WenTiClCase03"/>
  <testcase name="wgz_zijiean" time="61.660" classname="com.core.sjclcase.WenTiClCase03"/>
</testsuite> <!-- com.core.sjclcase.WenTiClCase03 -->
