<?xml version="1.0" encoding="UTF-8"?>
<!-- Generated by org.testng.reporters.JUnitReportReporter -->
<testsuite skipped="0" hostname="bad-PC" name="com.core.renwuclcase.RenWuClCase13" tests="6" failures="0" timestamp="22 十二月 2017 08:08:15 GMT" time="225.915" errors="0">
  <testcase name="qxzxShenHe" time="54.361" classname="com.core.renwuclcase.RenWuClCase13"/>
  <testcase name="zjzxShenHe" time="34.318" classname="com.core.renwuclcase.RenWuClCase13"/>
  <testcase name="qxzxRenWuJiaoBantj" time="41.581" classname="com.core.renwuclcase.RenWuClCase13"/>
  <testcase name="zjzxChuLi" time="23.794" classname="com.core.renwuclcase.RenWuClCase13"/>
  <testcase name="zjzxXiaFa" time="29.900" classname="com.core.renwuclcase.RenWuClCase13"/>
  <testcase name="wgzChuLi" time="41.961" classname="com.core.renwuclcase.RenWuClCase13"/>
</testsuite> <!-- com.core.renwuclcase.RenWuClCase13 -->
