<?xml version="1.0" encoding="UTF-8"?>
<!-- Generated by org.testng.reporters.JUnitReportReporter -->
<testsuite skipped="0" hostname="bad-PC" name="com.core.renwuclcase.RenWuClCase02" tests="5" failures="0" timestamp="22 十二月 2017 07:01:44 GMT" time="205.692" errors="0">
  <testcase name="qxldShenHe_feiJinJi" time="49.814" classname="com.core.renwuclcase.RenWuClCase02"/>
  <testcase name="zjzxChuLi_feiJinJi" time="24.878" classname="com.core.renwuclcase.RenWuClCase02"/>
  <testcase name="ywldRenWuJiaoBanzc_feiJinJi" time="52.397" classname="com.core.renwuclcase.RenWuClCase02"/>
  <testcase name="ywbgsChuLi_feiJinJi" time="39.276" classname="com.core.renwuclcase.RenWuClCase02"/>
  <testcase name="ywzxChuLi_feiJinJi" time="39.327" classname="com.core.renwuclcase.RenWuClCase02"/>
</testsuite> <!-- com.core.renwuclcase.RenWuClCase02 -->
