<?xml version="1.0" encoding="UTF-8"?>
<!-- Generated by org.testng.reporters.JUnitReportReporter -->
<testsuite skipped="0" hostname="bad-PC" name="com.core.jichuxxcase.HuJiRenKouCase02" tests="1" failures="0" timestamp="16 八月 2017 02:02:35 GMT" time="46.645" errors="0">
  <testcase name="AddPeople" time="46.645" classname="com.core.jichuxxcase.HuJiRenKouCase02"/>
</testsuite> <!-- com.core.jichuxxcase.HuJiRenKouCase02 -->
