<?xml version="1.0" encoding="UTF-8"?>
<!-- Generated by org.testng.reporters.JUnitReportReporter -->
<testsuite skipped="0" hostname="bad-PC" name="com.core.renwuclcase.RenWuClCase10" tests="4" failures="0" timestamp="22 十二月 2017 08:08:15 GMT" time="131.495" errors="0">
  <testcase name="pqzShenHe" time="29.280" classname="com.core.renwuclcase.RenWuClCase10"/>
  <testcase name="zjzxShenHe" time="39.392" classname="com.core.renwuclcase.RenWuClCase10"/>
  <testcase name="zjzxRenWuJiaoBantj" time="20.766" classname="com.core.renwuclcase.RenWuClCase10"/>
  <testcase name="wgzChuLi" time="42.057" classname="com.core.renwuclcase.RenWuClCase10"/>
</testsuite> <!-- com.core.renwuclcase.RenWuClCase10 -->
