<?xml version="1.0" encoding="UTF-8"?>
<!-- Generated by org.testng.reporters.JUnitReportReporter -->
<testsuite skipped="0" hostname="bad-PC" name="com.core.sjclcase.WenTiClCase05" tests="6" failures="0" timestamp="31 八月 2017 06:52:43 GMT" time="240.752" errors="0">
  <testcase name="pqz1" time="24.258" classname="com.core.sjclcase.WenTiClCase05"/>
  <testcase name="zjzx2" time="46.206" classname="com.core.sjclcase.WenTiClCase05"/>
  <testcase name="wgz2" time="23.992" classname="com.core.sjclcase.WenTiClCase05"/>
  <testcase name="wgz1" time="35.557" classname="com.core.sjclcase.WenTiClCase05"/>
  <testcase name="zjzx1" time="86.628" classname="com.core.sjclcase.WenTiClCase05"/>
  <testcase name="znb1" time="24.111" classname="com.core.sjclcase.WenTiClCase05"/>
</testsuite> <!-- com.core.sjclcase.WenTiClCase05 -->
