<?xml version="1.0" encoding="UTF-8"?>
<!-- Generated by org.testng.reporters.JUnitReportReporter -->
<testsuite skipped="0" hostname="bad-PC" name="com.core.renwuclcase.RenWuClCase07" tests="5" failures="0" timestamp="22 十二月 2017 07:33:43 GMT" time="147.055" errors="0">
  <testcase name="wgzChuLi" time="39.305" classname="com.core.renwuclcase.RenWuClCase07"/>
  <testcase name="pqzShenHe" time="27.949" classname="com.core.renwuclcase.RenWuClCase07"/>
  <testcase name="zjznbShenHe" time="36.353" classname="com.core.renwuclcase.RenWuClCase07"/>
  <testcase name="zjznbRenWuJiaoBantj" time="21.247" classname="com.core.renwuclcase.RenWuClCase07"/>
  <testcase name="zjzxChuLi" time="22.201" classname="com.core.renwuclcase.RenWuClCase07"/>
</testsuite> <!-- com.core.renwuclcase.RenWuClCase07 -->
