<?xml version="1.0" encoding="UTF-8"?>
<!-- Generated by org.testng.reporters.JUnitReportReporter -->
<testsuite skipped="0" hostname="bad-PC" name="com.core.renwuclcase.RenWuClCase09" tests="3" failures="0" timestamp="22 十二月 2017 08:08:15 GMT" time="102.425" errors="0">
  <testcase name="zjzxShenHe" time="39.453" classname="com.core.renwuclcase.RenWuClCase09"/>
  <testcase name="wgzChuLi" time="42.513" classname="com.core.renwuclcase.RenWuClCase09"/>
  <testcase name="zjzxRenWuJiaoBantj" time="20.459" classname="com.core.renwuclcase.RenWuClCase09"/>
</testsuite> <!-- com.core.renwuclcase.RenWuClCase09 -->
