<?xml version="1.0" encoding="UTF-8"?>
<!-- Generated by org.testng.reporters.JUnitReportReporter -->
<testsuite skipped="0" hostname="bad-PC" name="com.core.jichuxxcase.HuJiRenKouCase04" tests="3" failures="0" timestamp="16 八月 2017 06:33:24 GMT" time="133.197" errors="0">
  <testcase name="QianRu" time="26.673" classname="com.core.jichuxxcase.HuJiRenKouCase04"/>
  <testcase name="AddPeople" time="68.025" classname="com.core.jichuxxcase.HuJiRenKouCase04"/>
  <testcase name="QianChuTo" time="38.499" classname="com.core.jichuxxcase.HuJiRenKouCase04"/>
</testsuite> <!-- com.core.jichuxxcase.HuJiRenKouCase04 -->
