<?xml version="1.0" encoding="UTF-8"?>
<!-- Generated by org.testng.reporters.JUnitReportReporter -->
<testsuite skipped="0" hostname="bad-PC" name="com.core.sjclcase.WenTiClCase10" tests="7" failures="0" timestamp="31 八月 2017 07:38:55 GMT" time="208.561" errors="0">
  <testcase name="ywzxChongXinPaiFa" time="28.919" classname="com.core.sjclcase.WenTiClCase10"/>
  <testcase name="zjzxChuLi2" time="24.150" classname="com.core.sjclcase.WenTiClCase10"/>
  <testcase name="ywzxDj" time="39.144" classname="com.core.sjclcase.WenTiClCase10"/>
  <testcase name="qxznbChuLi" time="24.269" classname="com.core.sjclcase.WenTiClCase10"/>
  <testcase name="zjzxChuLi" time="24.178" classname="com.core.sjclcase.WenTiClCase10"/>
  <testcase name="qxznbChuLi2" time="23.983" classname="com.core.sjclcase.WenTiClCase10"/>
  <testcase name="ywzxJieAn" time="43.918" classname="com.core.sjclcase.WenTiClCase10"/>
</testsuite> <!-- com.core.sjclcase.WenTiClCase10 -->
