<?xml version="1.0" encoding="UTF-8"?>
<!-- Generated by org.testng.reporters.JUnitReportReporter -->
<testsuite skipped="0" hostname="bad-PC" name="com.core.jichuxxcase.CompanyCase02" tests="1" failures="0" timestamp="11 九月 2017 02:13:36 GMT" time="68.823" errors="0">
  <testcase name="editCompany" time="68.823" classname="com.core.jichuxxcase.CompanyCase02"/>
</testsuite> <!-- com.core.jichuxxcase.CompanyCase02 -->
