<?xml version="1.0" encoding="UTF-8"?>
<!-- Generated by org.testng.reporters.JUnitReportReporter -->
<testsuite skipped="0" hostname="bad-PC" name="com.core.sjclcase.WenTiClCase04" tests="1" failures="0" timestamp="31 八月 2017 06:25:47 GMT" time="54.773" errors="0">
  <testcase name="wgz_zjiean" time="54.773" classname="com.core.sjclcase.WenTiClCase04"/>
</testsuite> <!-- com.core.sjclcase.WenTiClCase04 -->
