<?xml version="1.0" encoding="UTF-8"?>
<!-- Generated by org.testng.reporters.JUnitReportReporter -->
<testsuite skipped="0" hostname="bad-PC" name="com.core.shijianclcase.WenTiClCase07" tests="5" failures="0" timestamp="05 一月 2018 03:14:10 GMT" time="181.792" errors="0">
  <testcase name="wgz2" time="43.968" classname="com.core.shijianclcase.WenTiClCase07"/>
  <testcase name="zjzxDj" time="40.196" classname="com.core.shijianclcase.WenTiClCase07"/>
  <testcase name="pqz1" time="24.806" classname="com.core.shijianclcase.WenTiClCase07"/>
  <testcase name="znb1" time="24.553" classname="com.core.shijianclcase.WenTiClCase07"/>
  <testcase name="zjzx2" time="48.269" classname="com.core.shijianclcase.WenTiClCase07"/>
</testsuite> <!-- com.core.shijianclcase.WenTiClCase07 -->
