<?xml version="1.0" encoding="UTF-8"?>
<!-- Generated by org.testng.reporters.JUnitReportReporter -->
<testsuite skipped="0" hostname="bad-PC" name="com.core.jichuxxcase.JiaZhengShangJiaCase02" tests="1" failures="0" timestamp="12 九月 2017 07:19:09 GMT" time="45.227" errors="0">
  <testcase name="editJiaZhengShangJia" time="45.227" classname="com.core.jichuxxcase.JiaZhengShangJiaCase02"/>
</testsuite> <!-- com.core.jichuxxcase.JiaZhengShangJiaCase02 -->
