<?xml version="1.0" encoding="UTF-8"?>
<!-- Generated by org.testng.reporters.JUnitReportReporter -->
<testsuite skipped="0" hostname="bad-PC" name="com.core.jichuxxcase.HuJiRenKouCase05" tests="2" failures="0" timestamp="16 八月 2017 07:12:46 GMT" time="106.564" errors="0">
  <testcase name="ChangZhuanLiu" time="42.685" classname="com.core.jichuxxcase.HuJiRenKouCase05"/>
  <testcase name="AddPeople" time="63.879" classname="com.core.jichuxxcase.HuJiRenKouCase05"/>
</testsuite> <!-- com.core.jichuxxcase.HuJiRenKouCase05 -->
