<?xml version="1.0" encoding="UTF-8"?>
<!-- Generated by org.testng.reporters.JUnitReportReporter -->
<testsuite skipped="0" hostname="bad-PC" name="com.core.shijianclcase.WenTiClCase06" tests="12" failures="0" timestamp="05 一月 2018 03:14:09 GMT" time="427.381" errors="0">
  <testcase name="znbChuLi2" time="24.723" classname="com.core.shijianclcase.WenTiClCase06"/>
  <testcase name="zjzxcxpf" time="34.159" classname="com.core.shijianclcase.WenTiClCase06"/>
  <testcase name="pqzChuLi" time="25.829" classname="com.core.shijianclcase.WenTiClCase06"/>
  <testcase name="wgzChuLi2" time="44.263" classname="com.core.shijianclcase.WenTiClCase06"/>
  <testcase name="znbChuLi" time="24.588" classname="com.core.shijianclcase.WenTiClCase06"/>
  <testcase name="hc" time="44.240" classname="com.core.shijianclcase.WenTiClCase06"/>
  <testcase name="zjzxja" time="43.591" classname="com.core.shijianclcase.WenTiClCase06"/>
  <testcase name="wgzShangBao" time="52.991" classname="com.core.shijianclcase.WenTiClCase06"/>
  <testcase name="pqzChuLi2" time="25.545" classname="com.core.shijianclcase.WenTiClCase06"/>
  <testcase name="wgzChuLi" time="43.979" classname="com.core.shijianclcase.WenTiClCase06"/>
  <testcase name="zjzxhc" time="31.997" classname="com.core.shijianclcase.WenTiClCase06"/>
  <testcase name="zjzxPaiFa" time="31.476" classname="com.core.shijianclcase.WenTiClCase06"/>
</testsuite> <!-- com.core.shijianclcase.WenTiClCase06 -->
