<?xml version="1.0" encoding="UTF-8"?>
<!-- Generated by org.testng.reporters.JUnitReportReporter -->
<testsuite skipped="0" hostname="bad-PC" name="com.core.renwuclcase.RenWuClCase11" tests="5" failures="0" timestamp="22 十二月 2017 08:08:15 GMT" time="158.651" errors="0">
  <testcase name="pqzChuLi" time="24.823" classname="com.core.renwuclcase.RenWuClCase11"/>
  <testcase name="zjzxRenWuJiaoBantj" time="23.551" classname="com.core.renwuclcase.RenWuClCase11"/>
  <testcase name="wgzChuLi" time="41.930" classname="com.core.renwuclcase.RenWuClCase11"/>
  <testcase name="pqzShenHe" time="29.195" classname="com.core.renwuclcase.RenWuClCase11"/>
  <testcase name="zjzxShenHe" time="39.152" classname="com.core.renwuclcase.RenWuClCase11"/>
</testsuite> <!-- com.core.renwuclcase.RenWuClCase11 -->
