<?xml version="1.0" encoding="UTF-8"?>
<!-- Generated by org.testng.reporters.JUnitReportReporter -->
<testsuite skipped="0" hostname="bad-PC" name="com.core.jichuxxcase.ZhongDianChangSuoCase01" tests="1" failures="0" timestamp="11 九月 2017 06:58:21 GMT" time="27.137" errors="0">
  <testcase name="addCompany" time="27.137" classname="com.core.jichuxxcase.ZhongDianChangSuoCase01"/>
</testsuite> <!-- com.core.jichuxxcase.ZhongDianChangSuoCase01 -->
