<?xml version="1.0" encoding="UTF-8"?>
<!-- Generated by org.testng.reporters.JUnitReportReporter -->
<testsuite skipped="0" hostname="bad-PC" name="com.core.jichuxxcase.HuJiRenKouCase06" tests="2" failures="0" timestamp="18 八月 2017 06:42:01 GMT" time="75.990" errors="0">
  <testcase name="AddPeople" time="56.068" classname="com.core.jichuxxcase.HuJiRenKouCase06"/>
  <testcase name="ShanChu" time="19.922" classname="com.core.jichuxxcase.HuJiRenKouCase06"/>
</testsuite> <!-- com.core.jichuxxcase.HuJiRenKouCase06 -->
