<?xml version="1.0" encoding="UTF-8"?>
<!-- Generated by org.testng.reporters.JUnitReportReporter -->
<testsuite skipped="0" hostname="bad-PC" name="com.core.shijianclcase.WenTiClCase08" tests="4" failures="0" timestamp="22 十二月 2017 03:43:50 GMT" time="197.987" errors="0">
  <testcase name="ywzxja" time="66.365" classname="com.core.shijianclcase.WenTiClCase08"/>
  <testcase name="qxznb" time="45.015" classname="com.core.shijianclcase.WenTiClCase08"/>
  <testcase name="ywzxDj" time="61.919" classname="com.core.shijianclcase.WenTiClCase08"/>
  <testcase name="zjzxcl" time="24.688" classname="com.core.shijianclcase.WenTiClCase08"/>
</testsuite> <!-- com.core.shijianclcase.WenTiClCase08 -->
