<?xml version="1.0" encoding="UTF-8"?>
<!-- Generated by org.testng.reporters.JUnitReportReporter -->
<testsuite skipped="0" hostname="bad-PC" name="com.core.jichuxxcase.HuJiRenKouCase03" tests="2" failures="0" timestamp="16 八月 2017 03:19:15 GMT" time="111.081" errors="0">
  <testcase name="AddPeopleTwo" time="63.797" classname="com.core.jichuxxcase.HuJiRenKouCase03"/>
  <testcase name="AddPeople" time="47.284" classname="com.core.jichuxxcase.HuJiRenKouCase03"/>
</testsuite> <!-- com.core.jichuxxcase.HuJiRenKouCase03 -->
