<?xml version="1.0" encoding="UTF-8"?>
<!-- Generated by org.testng.reporters.JUnitReportReporter -->
<testsuite skipped="0" hostname="bad-PC" name="com.core.renwuclcase.RenWuClCase01" tests="1" failures="0" timestamp="07 八月 2017 01:27:18 GMT" time="40.417" errors="0">
  <testcase name="ywldTaskJiaoBan_JinJi" time="40.417" classname="com.core.renwuclcase.RenWuClCase01"/>
</testsuite> <!-- com.core.renwuclcase.RenWuClCase01 -->
