<?xml version="1.0" encoding="UTF-8"?>
<!-- Generated by org.testng.reporters.JUnitReportReporter -->
<testsuite skipped="0" hostname="bad-PC" name="com.core.jichuxxcase.FangWuCase02" tests="1" failures="0" timestamp="13 九月 2017 07:24:05 GMT" time="18.433" errors="0">
  <testcase name="addFangWu" time="18.433" classname="com.core.jichuxxcase.FangWuCase02"/>
</testsuite> <!-- com.core.jichuxxcase.FangWuCase02 -->
