<?xml version="1.0" encoding="UTF-8"?>
<!-- Generated by org.testng.reporters.JUnitReportReporter -->
<testsuite skipped="0" hostname="bad-PC" name="com.core.jichuxxcase.JiaZhengShangJiaCase01" tests="1" failures="0" timestamp="12 九月 2017 06:41:08 GMT" time="25.465" errors="0">
  <testcase name="addJiaZhengShangJia" time="25.465" classname="com.core.jichuxxcase.JiaZhengShangJiaCase01"/>
</testsuite> <!-- com.core.jichuxxcase.JiaZhengShangJiaCase01 -->
