<?xml version="1.0" encoding="UTF-8"?>
<!-- Generated by org.testng.reporters.JUnitReportReporter -->
<testsuite skipped="0" hostname="bad-PC" name="com.core.jichuxxcase.ZhongDianChangSuoCase02" tests="1" failures="0" timestamp="11 九月 2017 06:49:03 GMT" time="46.732" errors="0">
  <testcase name="editCompany" time="46.732" classname="com.core.jichuxxcase.ZhongDianChangSuoCase02"/>
</testsuite> <!-- com.core.jichuxxcase.ZhongDianChangSuoCase02 -->
