<?xml version="1.0" encoding="UTF-8"?>
<!-- Generated by org.testng.reporters.JUnitReportReporter -->
<testsuite skipped="0" hostname="bad-PC" name="com.core.jichuxxcase.CompanyCase01" tests="1" failures="0" timestamp="07 九月 2017 02:49:33 GMT" time="41.615" errors="0">
  <testcase name="addCompany" time="41.615" classname="com.core.jichuxxcase.CompanyCase01"/>
</testsuite> <!-- com.core.jichuxxcase.CompanyCase01 -->
