<?xml version="1.0" encoding="UTF-8"?>
<!-- Generated by org.testng.reporters.JUnitReportReporter -->
<testsuite skipped="0" hostname="bad-PC" name="com.core.renwuclcase.RenWuClCase06" tests="4" failures="0" timestamp="22 十二月 2017 07:28:46 GMT" time="121.813" errors="0">
  <testcase name="wgzChuLi" time="39.419" classname="com.core.renwuclcase.RenWuClCase06"/>
  <testcase name="zjzxChuLi" time="25.101" classname="com.core.renwuclcase.RenWuClCase06"/>
  <testcase name="zjznbShenHe" time="37.186" classname="com.core.renwuclcase.RenWuClCase06"/>
  <testcase name="zjznbRenWuJiaoBantj" time="20.107" classname="com.core.renwuclcase.RenWuClCase06"/>
</testsuite> <!-- com.core.renwuclcase.RenWuClCase06 -->
