<?xml version="1.0" encoding="UTF-8"?>
<!-- Generated by org.testng.reporters.JUnitReportReporter -->
<testsuite skipped="0" hostname="bad-PC" name="com.core.sjclcase.WenTiClCase09" tests="9" failures="0" timestamp="31 八月 2017 07:34:30 GMT" time="291.831" errors="0">
  <testcase name="znbChuLi" time="23.958" classname="com.core.sjclcase.WenTiClCase09"/>
  <testcase name="zjzxChuLi" time="24.025" classname="com.core.sjclcase.WenTiClCase09"/>
  <testcase name="zjzxPaiFa" time="42.963" classname="com.core.sjclcase.WenTiClCase09"/>
  <testcase name="qxznb" time="24.323" classname="com.core.sjclcase.WenTiClCase09"/>
  <testcase name="zjzxJieAn" time="43.880" classname="com.core.sjclcase.WenTiClCase09"/>
  <testcase name="wgzChuLi" time="23.965" classname="com.core.sjclcase.WenTiClCase09"/>
  <testcase name="ywzxDj" time="40.243" classname="com.core.sjclcase.WenTiClCase09"/>
  <testcase name="pqzChuLi" time="24.615" classname="com.core.sjclcase.WenTiClCase09"/>
  <testcase name="ywzxJieAn" time="43.859" classname="com.core.sjclcase.WenTiClCase09"/>
</testsuite> <!-- com.core.sjclcase.WenTiClCase09 -->
