<?xml version="1.0" encoding="UTF-8"?>
<!-- Generated by org.testng.reporters.JUnitReportReporter -->
<testsuite skipped="0" hostname="bad-PC" name="com.core.sjclcase.WenTiClCase07" tests="5" failures="0" timestamp="31 八月 2017 07:16:06 GMT" time="159.507" errors="0">
  <testcase name="pqz1" time="24.022" classname="com.core.sjclcase.WenTiClCase07"/>
  <testcase name="znb1" time="23.994" classname="com.core.sjclcase.WenTiClCase07"/>
  <testcase name="wgz2" time="23.979" classname="com.core.sjclcase.WenTiClCase07"/>
  <testcase name="zjzx2" time="46.387" classname="com.core.sjclcase.WenTiClCase07"/>
  <testcase name="zjzxDj" time="41.125" classname="com.core.sjclcase.WenTiClCase07"/>
</testsuite> <!-- com.core.sjclcase.WenTiClCase07 -->
