<?xml version="1.0" encoding="UTF-8"?>
<!-- Generated by org.testng.reporters.JUnitReportReporter -->
<testsuite skipped="0" hostname="bad-PC" name="com.core.renwuclcase.RenWuClCase12" tests="3" failures="0" timestamp="22 十二月 2017 08:08:15 GMT" time="103.248" errors="0">
  <testcase name="pqzRenWuJiaoBantj" time="21.430" classname="com.core.renwuclcase.RenWuClCase12"/>
  <testcase name="wgzChuLi" time="42.605" classname="com.core.renwuclcase.RenWuClCase12"/>
  <testcase name="pqzShenHe" time="39.213" classname="com.core.renwuclcase.RenWuClCase12"/>
</testsuite> <!-- com.core.renwuclcase.RenWuClCase12 -->
