<?xml version="1.0" encoding="UTF-8"?>
<!-- Generated by org.testng.reporters.JUnitReportReporter -->
<testsuite skipped="1" hostname="bad-PC" name="com.core.casedemo.ShiJianClZanCunCase" tests="2" failures="0" timestamp="05 七月 2017 01:27:53 GMT" time="72.711" errors="0">
  <testcase name="wgz_zancun2" time="72.711" classname="com.core.casedemo.ShiJianClZanCunCase"/>
  <testcase name="wgz_zancun" classname="com.core.casedemo.ShiJianClZanCunCase">
    <skipped/>
  </testcase> <!-- wgz_zancun -->
</testsuite> <!-- com.core.casedemo.ShiJianClZanCunCase -->
