<?xml version="1.0" encoding="UTF-8"?>
<!-- Generated by org.testng.reporters.JUnitReportReporter -->
<testsuite skipped="0" hostname="bad-PC" name="com.core.shijianclcase.WenTiClCase02" tests="1" failures="0" timestamp="19 十二月 2017 02:19:13 GMT" time="48.183" errors="0">
  <testcase name="wgz_zancun02" time="48.183" classname="com.core.shijianclcase.WenTiClCase02"/>
</testsuite> <!-- com.core.shijianclcase.WenTiClCase02 -->
