<?xml version="1.0" encoding="UTF-8"?>
<!-- Generated by org.testng.reporters.JUnitReportReporter -->
<testsuite skipped="0" hostname="bad-PC" name="com.core.renwuclcase.RenWuClCase03" tests="4" failures="0" timestamp="22 十二月 2017 07:13:12 GMT" time="149.893" errors="0">
  <testcase name="qxldShenHe_JinJi" time="51.849" classname="com.core.renwuclcase.RenWuClCase03"/>
  <testcase name="zjzxChuLi_JinJi" time="20.577" classname="com.core.renwuclcase.RenWuClCase03"/>
  <testcase name="ywzxChuLi_JinJi" time="38.905" classname="com.core.renwuclcase.RenWuClCase03"/>
  <testcase name="ywldRenWuJiaoBantj_JinJi" time="38.562" classname="com.core.renwuclcase.RenWuClCase03"/>
</testsuite> <!-- com.core.renwuclcase.RenWuClCase03 -->
