<?xml version="1.0" encoding="UTF-8"?>
<!-- Generated by org.testng.reporters.JUnitReportReporter -->
<testsuite skipped="0" hostname="bad-PC" name="com.core.sjclcase.WenTiClCase02" tests="1" failures="0" timestamp="31 八月 2017 06:25:47 GMT" time="46.095" errors="0">
  <testcase name="wgz_zancun02" time="46.095" classname="com.core.sjclcase.WenTiClCase02"/>
</testsuite> <!-- com.core.sjclcase.WenTiClCase02 -->
