<?xml version="1.0" encoding="UTF-8"?>
<!-- Generated by org.testng.reporters.JUnitReportReporter -->
<testsuite skipped="0" hostname="bad-PC" name="com.core.renwuclcase.RenWuClCase04" tests="4" failures="0" timestamp="22 十二月 2017 07:20:42 GMT" time="153.448" errors="0">
  <testcase name="ywzxChuLi" time="39.447" classname="com.core.renwuclcase.RenWuClCase04"/>
  <testcase name="ywznbRenWuJiaoBantj" time="40.359" classname="com.core.renwuclcase.RenWuClCase04"/>
  <testcase name="zjzxChuLi" time="20.975" classname="com.core.renwuclcase.RenWuClCase04"/>
  <testcase name="qxznbShenHe" time="52.667" classname="com.core.renwuclcase.RenWuClCase04"/>
</testsuite> <!-- com.core.renwuclcase.RenWuClCase04 -->
