<?xml version="1.0" encoding="UTF-8"?>
<!-- Generated by org.testng.reporters.JUnitReportReporter -->
<testsuite skipped="0" hostname="bad-PC" name="com.core.sjclcase.WenTiClCase08" tests="4" failures="0" timestamp="31 八月 2017 07:28:32 GMT" time="131.889" errors="0">
  <testcase name="ywzxja" time="44.142" classname="com.core.sjclcase.WenTiClCase08"/>
  <testcase name="ywzxDj" time="39.299" classname="com.core.sjclcase.WenTiClCase08"/>
  <testcase name="qxznb" time="24.486" classname="com.core.sjclcase.WenTiClCase08"/>
  <testcase name="zjzxcl" time="23.962" classname="com.core.sjclcase.WenTiClCase08"/>
</testsuite> <!-- com.core.sjclcase.WenTiClCase08 -->
