<?xml version="1.0" encoding="UTF-8"?>
<!-- Generated by org.testng.reporters.JUnitReportReporter -->
<testsuite skipped="0" hostname="bad-PC" name="com.core.jichuxxcase.FangWuCase03" tests="3" failures="0" timestamp="13 九月 2017 08:18:12 GMT" time="69.007" errors="0">
  <testcase name="addFangWu" time="25.677" classname="com.core.jichuxxcase.FangWuCase03"/>
  <testcase name="deleteFangWu" time="22.614" classname="com.core.jichuxxcase.FangWuCase03"/>
  <testcase name="editFangWu" time="20.716" classname="com.core.jichuxxcase.FangWuCase03"/>
</testsuite> <!-- com.core.jichuxxcase.FangWuCase03 -->
