<?xml version="1.0" encoding="UTF-8"?>
<!-- Generated by org.testng.reporters.JUnitReportReporter -->
<testsuite skipped="0" hostname="bad-PC" name="com.core.renwuclcase.RenWuClCase08" tests="6" failures="0" timestamp="22 十二月 2017 08:08:15 GMT" time="176.473" errors="0">
  <testcase name="zjznbShenHe" time="39.529" classname="com.core.renwuclcase.RenWuClCase08"/>
  <testcase name="pqzChuLi" time="25.128" classname="com.core.renwuclcase.RenWuClCase08"/>
  <testcase name="zjzxChuLi" time="25.052" classname="com.core.renwuclcase.RenWuClCase08"/>
  <testcase name="pqzShenHe" time="29.420" classname="com.core.renwuclcase.RenWuClCase08"/>
  <testcase name="zjznbRenWuJiaoBantj" time="21.773" classname="com.core.renwuclcase.RenWuClCase08"/>
  <testcase name="wgzChuLi" time="35.571" classname="com.core.renwuclcase.RenWuClCase08"/>
</testsuite> <!-- com.core.renwuclcase.RenWuClCase08 -->
