<?xml version="1.0" encoding="UTF-8"?>
<!-- Generated by org.testng.reporters.JUnitReportReporter -->
<testsuite skipped="0" hostname="bad-PC" name="com.core.shijianclcase.WenTiClCase03" tests="2" failures="0" timestamp="19 十二月 2017 02:19:13 GMT" time="92.928" errors="0">
  <testcase name="wgz_zancun02" time="49.474" classname="com.core.shijianclcase.WenTiClCase03"/>
  <testcase name="wgz_zijiean" time="43.454" classname="com.core.shijianclcase.WenTiClCase03"/>
</testsuite> <!-- com.core.shijianclcase.WenTiClCase03 -->
