<?xml version="1.0" encoding="UTF-8"?>
<!-- Generated by org.testng.reporters.JUnitReportReporter -->
<testsuite skipped="0" hostname="bad-PC" name="com.core.jichuxxcase.FangWuCase01" tests="1" failures="0" timestamp="13 九月 2017 07:12:44 GMT" time="37.956" errors="0">
  <testcase name="addFangWu" time="37.956" classname="com.core.jichuxxcase.FangWuCase01"/>
</testsuite> <!-- com.core.jichuxxcase.FangWuCase01 -->
