<?xml version="1.0" encoding="UTF-8"?>
<!-- Generated by org.testng.reporters.JUnitReportReporter -->
<testsuite skipped="0" hostname="bad-PC" name="com.core.sjclcase.WenTiClCase06" tests="12" failures="0" timestamp="31 八月 2017 07:08:46 GMT" time="342.543" errors="0">
  <testcase name="wgzChuLi2" time="24.002" classname="com.core.sjclcase.WenTiClCase06"/>
  <testcase name="wgzShangBao" time="35.784" classname="com.core.sjclcase.WenTiClCase06"/>
  <testcase name="znbChuLi2" time="23.993" classname="com.core.sjclcase.WenTiClCase06"/>
  <testcase name="zjzxja" time="41.821" classname="com.core.sjclcase.WenTiClCase06"/>
  <testcase name="zjzxcxpf" time="41.179" classname="com.core.sjclcase.WenTiClCase06"/>
  <testcase name="pqzChuLi" time="23.876" classname="com.core.sjclcase.WenTiClCase06"/>
  <testcase name="zjzxhc" time="29.819" classname="com.core.sjclcase.WenTiClCase06"/>
  <testcase name="wgzChuLi" time="24.109" classname="com.core.sjclcase.WenTiClCase06"/>
  <testcase name="zjzxPaiFa" time="25.787" classname="com.core.sjclcase.WenTiClCase06"/>
  <testcase name="znbChuLi" time="24.096" classname="com.core.sjclcase.WenTiClCase06"/>
  <testcase name="hc" time="24.063" classname="com.core.sjclcase.WenTiClCase06"/>
  <testcase name="pqzChuLi2" time="24.014" classname="com.core.sjclcase.WenTiClCase06"/>
</testsuite> <!-- com.core.sjclcase.WenTiClCase06 -->
